time="2024-09-30T23:23:34+05:00" level=info msg="Received GET Request, IP: [::1]:39608, URL: /api/v1/info, params: { group: , song: , pageStr: , pageSizeStr:  }"
time="2024-09-30T23:23:47+05:00" level=info msg="Received GET Request, IP: [::1]:39608, URL: /api/v1/info?page=1&pageSize=25, params: { group: , song: , pageStr: 1, pageSizeStr: 25 }"
time="2024-09-30T23:24:23+05:00" level=info msg="Received GET Request, IP: [::1]:39608, URL: /api/v1/info?page=1&pageSize=25&group=Dua%20Lipa, params: { group: Dua Lipa, song: , pageStr: 1, pageSizeStr: 25 }"
time="2024-09-30T23:28:33+05:00" level=info msg="Received POST Request, IP: [::1]:38648, URL: /api/v1/create, params: { group: Dua Lipa, song: Houdini }"
time="2024-09-30T23:28:33+05:00" level=info msg="Received POST Request, IP: [::1]:38664, URL: /api/v1/create, params: { group: Coldplay, song: Yellow }"
time="2024-09-30T23:28:33+05:00" level=info msg="Received POST Request, IP: [::1]:38672, URL: /api/v1/create, params: { group: The Beatles, song: Hey Jude }"
time="2024-09-30T23:28:33+05:00" level=info msg="Received POST Request, IP: [::1]:38684, URL: /api/v1/create, params: { group: Queen, song: Bohemian Rhapsody }"
time="2024-09-30T23:28:33+05:00" level=info msg="Received POST Request, IP: [::1]:38696, URL: /api/v1/create, params: { group: Nirvana, song: Smells Like Teen Spirit }"
time="2024-09-30T23:28:33+05:00" level=info msg="Received POST Request, IP: [::1]:38702, URL: /api/v1/create, params: { group: Radiohead, song: Creep }"
time="2024-09-30T23:28:33+05:00" level=info msg="Received POST Request, IP: [::1]:38716, URL: /api/v1/create, params: { group: Adele, song: Hello }"
time="2024-09-30T23:28:33+05:00" level=info msg="Received POST Request, IP: [::1]:38726, URL: /api/v1/create, params: { group: The Rolling Stones, song: Paint It Black }"
time="2024-09-30T23:28:33+05:00" level=info msg="Received POST Request, IP: [::1]:38732, URL: /api/v1/create, params: { group: Pink Floyd, song: Comfortably Numb }"
time="2024-09-30T23:28:33+05:00" level=info msg="Received POST Request, IP: [::1]:38734, URL: /api/v1/create, params: { group: Led Zeppelin, song: Stairway to Heaven }"
time="2024-09-30T23:28:33+05:00" level=info msg="Received POST Request, IP: [::1]:38748, URL: /api/v1/create, params: { group: U2, song: With or Without You }"
time="2024-09-30T23:28:33+05:00" level=info msg="Received POST Request, IP: [::1]:38760, URL: /api/v1/create, params: { group: The Police, song: Every Breath You Take }"
time="2024-09-30T23:28:33+05:00" level=info msg="Received POST Request, IP: [::1]:38772, URL: /api/v1/create, params: { group: The Clash, song: London Calling }"
time="2024-09-30T23:28:33+05:00" level=info msg="Received POST Request, IP: [::1]:38788, URL: /api/v1/create, params: { group: David Bowie, song: Heroes }"
time="2024-09-30T23:28:33+05:00" level=info msg="Received POST Request, IP: [::1]:38798, URL: /api/v1/create, params: { group: Fleetwood Mac, song: Go Your Own Way }"
time="2024-09-30T23:28:33+05:00" level=info msg="Received POST Request, IP: [::1]:38808, URL: /api/v1/create, params: { group: The Doors, song: Light My Fire }"
time="2024-09-30T23:28:33+05:00" level=info msg="Received POST Request, IP: [::1]:38810, URL: /api/v1/create, params: { group: R.E.M., song: Losing My Religion }"
time="2024-09-30T23:28:33+05:00" level=info msg="Received POST Request, IP: [::1]:38814, URL: /api/v1/create, params: { group: Oasis, song: Wonderwall }"
time="2024-09-30T23:28:33+05:00" level=info msg="Received POST Request, IP: [::1]:38830, URL: /api/v1/create, params: { group: The Cure, song: Lovesong }"
time="2024-09-30T23:28:33+05:00" level=info msg="Received POST Request, IP: [::1]:38842, URL: /api/v1/create, params: { group: Pearl Jam, song: Alive }"
time="2024-09-30T23:28:33+05:00" level=info msg="Received POST Request, IP: [::1]:38854, URL: /api/v1/create, params: { group: The Smashing Pumpkins, song: 1979 }"
time="2024-09-30T23:28:33+05:00" level=info msg="Received POST Request, IP: [::1]:38870, URL: /api/v1/create, params: { group: Blur, song: Song 2 }"
time="2024-09-30T23:28:33+05:00" level=info msg="Received POST Request, IP: [::1]:38874, URL: /api/v1/create, params: { group: Green Day, song: Boulevard of Broken Dreams }"
time="2024-09-30T23:28:33+05:00" level=info msg="Received POST Request, IP: [::1]:38886, URL: /api/v1/create, params: { group: Foo Fighters, song: Everlong }"
time="2024-09-30T23:28:33+05:00" level=info msg="Received POST Request, IP: [::1]:38902, URL: /api/v1/create, params: { group: Linkin Park, song: In the End }"
time="2024-09-30T23:28:33+05:00" level=info msg="Received POST Request, IP: [::1]:38914, URL: /api/v1/create, params: { group: Arctic Monkeys, song: Do I Wanna Know? }"
time="2024-09-30T23:28:33+05:00" level=info msg="Received POST Request, IP: [::1]:38920, URL: /api/v1/create, params: { group: Kanye West, song: Stronger }"
time="2024-09-30T23:28:33+05:00" level=info msg="Received POST Request, IP: [::1]:38934, URL: /api/v1/create, params: { group: Daft Punk, song: Get Lucky }"
time="2024-09-30T23:28:33+05:00" level=info msg="Received POST Request, IP: [::1]:38940, URL: /api/v1/create, params: { group: The Weeknd, song: Blinding Lights }"
time="2024-09-30T23:28:33+05:00" level=info msg="Received POST Request, IP: [::1]:38956, URL: /api/v1/create, params: { group: Billie Eilish, song: Bad Guy }"
time="2024-09-30T23:28:33+05:00" level=info msg="Received POST Request, IP: [::1]:38958, URL: /api/v1/create, params: { group: Lady Gaga, song: Poker Face }"
time="2024-09-30T23:28:33+05:00" level=info msg="Received POST Request, IP: [::1]:38974, URL: /api/v1/create, params: { group: Taylor Swift, song: Shake It Off }"
time="2024-09-30T23:28:33+05:00" level=info msg="Received POST Request, IP: [::1]:38976, URL: /api/v1/create, params: { group: Beyoncé, song: Single Ladies }"
time="2024-09-30T23:28:33+05:00" level=info msg="Received POST Request, IP: [::1]:38992, URL: /api/v1/create, params: { group: Rihanna, song: Umbrella }"
time="2024-09-30T23:28:33+05:00" level=info msg="Received POST Request, IP: [::1]:39004, URL: /api/v1/create, params: { group: Katy Perry, song: Roar }"
time="2024-09-30T23:28:33+05:00" level=info msg="Received POST Request, IP: [::1]:39012, URL: /api/v1/create, params: { group: Shakira, song: Hips Dont Lie }"
time="2024-09-30T23:28:33+05:00" level=info msg="Received POST Request, IP: [::1]:39018, URL: /api/v1/create, params: { group: Bruno Mars, song: Uptown Funk }"
time="2024-09-30T23:28:33+05:00" level=info msg="Received POST Request, IP: [::1]:39020, URL: /api/v1/create, params: { group: Ed Sheeran, song: Shape of You }"
time="2024-09-30T23:28:33+05:00" level=info msg="Received POST Request, IP: [::1]:39028, URL: /api/v1/create, params: { group: Maroon 5, song: Sugar }"
time="2024-09-30T23:28:33+05:00" level=info msg="Received POST Request, IP: [::1]:39030, URL: /api/v1/create, params: { group: Imagine Dragons, song: Radioactive }"
time="2024-09-30T23:28:33+05:00" level=info msg="Received POST Request, IP: [::1]:39036, URL: /api/v1/create, params: { group: OneRepublic, song: Counting Stars }"
time="2024-09-30T23:28:33+05:00" level=info msg="Received POST Request, IP: [::1]:39046, URL: /api/v1/create, params: { group: Post Malone, song: Circles }"
time="2024-09-30T23:28:33+05:00" level=info msg="Received POST Request, IP: [::1]:39056, URL: /api/v1/create, params: { group: Drake, song: Gods Plan }"
time="2024-09-30T23:28:33+05:00" level=info msg="Received POST Request, IP: [::1]:39062, URL: /api/v1/create, params: { group: Eminem, song: Lose Yourself }"
time="2024-09-30T23:28:33+05:00" level=info msg="Received POST Request, IP: [::1]:39064, URL: /api/v1/create, params: { group: Jay-Z, song: Empire State of Mind }"
time="2024-09-30T23:28:33+05:00" level=info msg="Received POST Request, IP: [::1]:39076, URL: /api/v1/create, params: { group: Kendrick Lamar, song: HUMBLE. }"
time="2024-09-30T23:28:33+05:00" level=info msg="Received POST Request, IP: [::1]:39084, URL: /api/v1/create, params: { group: Travis Scott, song: Sicko Mode }"
time="2024-09-30T23:29:33+05:00" level=info msg="Received POST Request, IP: [::1]:55488, URL: /api/v1/create, params: { group: Dua Lipa, song: Houdini }"
time="2024-09-30T23:29:33+05:00" level=info msg="Received POST Request, IP: [::1]:55490, URL: /api/v1/create, params: { group: Coldplay, song: Yellow }"
time="2024-09-30T23:29:33+05:00" level=info msg="Received POST Request, IP: [::1]:55492, URL: /api/v1/create, params: { group: The Beatles, song: Hey Jude }"
time="2024-09-30T23:29:33+05:00" level=info msg="Received POST Request, IP: [::1]:55504, URL: /api/v1/create, params: { group: Queen, song: Bohemian Rhapsody }"
time="2024-09-30T23:29:33+05:00" level=info msg="Received POST Request, IP: [::1]:55508, URL: /api/v1/create, params: { group: Nirvana, song: Smells Like Teen Spirit }"
time="2024-09-30T23:29:33+05:00" level=info msg="Received POST Request, IP: [::1]:55514, URL: /api/v1/create, params: { group: Radiohead, song: Creep }"
time="2024-09-30T23:29:33+05:00" level=info msg="Received POST Request, IP: [::1]:55524, URL: /api/v1/create, params: { group: Adele, song: Hello }"
time="2024-09-30T23:29:33+05:00" level=info msg="Received POST Request, IP: [::1]:55540, URL: /api/v1/create, params: { group: The Rolling Stones, song: Paint It Black }"
time="2024-09-30T23:29:33+05:00" level=info msg="Received POST Request, IP: [::1]:55548, URL: /api/v1/create, params: { group: Pink Floyd, song: Comfortably Numb }"
time="2024-09-30T23:29:33+05:00" level=info msg="Received POST Request, IP: [::1]:55552, URL: /api/v1/create, params: { group: Led Zeppelin, song: Stairway to Heaven }"
time="2024-09-30T23:29:33+05:00" level=info msg="Received POST Request, IP: [::1]:55560, URL: /api/v1/create, params: { group: U2, song: With or Without You }"
time="2024-09-30T23:29:33+05:00" level=info msg="Received POST Request, IP: [::1]:55564, URL: /api/v1/create, params: { group: The Police, song: Every Breath You Take }"
time="2024-09-30T23:29:33+05:00" level=info msg="Received POST Request, IP: [::1]:55568, URL: /api/v1/create, params: { group: The Clash, song: London Calling }"
time="2024-09-30T23:29:33+05:00" level=info msg="Received POST Request, IP: [::1]:55584, URL: /api/v1/create, params: { group: David Bowie, song: Heroes }"
time="2024-09-30T23:29:33+05:00" level=info msg="Received POST Request, IP: [::1]:55590, URL: /api/v1/create, params: { group: Fleetwood Mac, song: Go Your Own Way }"
time="2024-09-30T23:29:33+05:00" level=info msg="Received POST Request, IP: [::1]:55598, URL: /api/v1/create, params: { group: The Doors, song: Light My Fire }"
time="2024-09-30T23:29:33+05:00" level=info msg="Received POST Request, IP: [::1]:55600, URL: /api/v1/create, params: { group: R.E.M., song: Losing My Religion }"
time="2024-09-30T23:29:33+05:00" level=info msg="Received POST Request, IP: [::1]:55610, URL: /api/v1/create, params: { group: Oasis, song: Wonderwall }"
time="2024-09-30T23:29:33+05:00" level=info msg="Received POST Request, IP: [::1]:55614, URL: /api/v1/create, params: { group: The Cure, song: Lovesong }"
time="2024-09-30T23:29:33+05:00" level=info msg="Received POST Request, IP: [::1]:55624, URL: /api/v1/create, params: { group: Pearl Jam, song: Alive }"
time="2024-09-30T23:29:33+05:00" level=info msg="Received POST Request, IP: [::1]:55638, URL: /api/v1/create, params: { group: The Smashing Pumpkins, song: 1979 }"
time="2024-09-30T23:29:33+05:00" level=info msg="Received POST Request, IP: [::1]:55654, URL: /api/v1/create, params: { group: Blur, song: Song 2 }"
time="2024-09-30T23:29:33+05:00" level=info msg="Received POST Request, IP: [::1]:55664, URL: /api/v1/create, params: { group: Green Day, song: Boulevard of Broken Dreams }"
time="2024-09-30T23:29:33+05:00" level=info msg="Received POST Request, IP: [::1]:55668, URL: /api/v1/create, params: { group: Foo Fighters, song: Everlong }"
time="2024-09-30T23:29:33+05:00" level=info msg="Received POST Request, IP: [::1]:55680, URL: /api/v1/create, params: { group: Linkin Park, song: In the End }"
time="2024-09-30T23:29:33+05:00" level=info msg="Received POST Request, IP: [::1]:55684, URL: /api/v1/create, params: { group: Arctic Monkeys, song: Do I Wanna Know? }"
time="2024-09-30T23:29:33+05:00" level=info msg="Received POST Request, IP: [::1]:55698, URL: /api/v1/create, params: { group: Kanye West, song: Stronger }"
time="2024-09-30T23:29:33+05:00" level=info msg="Received POST Request, IP: [::1]:55704, URL: /api/v1/create, params: { group: Daft Punk, song: Get Lucky }"
time="2024-09-30T23:29:33+05:00" level=info msg="Received POST Request, IP: [::1]:55718, URL: /api/v1/create, params: { group: The Weeknd, song: Blinding Lights }"
time="2024-09-30T23:29:33+05:00" level=info msg="Received POST Request, IP: [::1]:55720, URL: /api/v1/create, params: { group: Billie Eilish, song: Bad Guy }"
time="2024-09-30T23:29:33+05:00" level=info msg="Received POST Request, IP: [::1]:55732, URL: /api/v1/create, params: { group: Lady Gaga, song: Poker Face }"
time="2024-09-30T23:29:33+05:00" level=info msg="Received POST Request, IP: [::1]:55740, URL: /api/v1/create, params: { group: Taylor Swift, song: Shake It Off }"
time="2024-09-30T23:29:33+05:00" level=info msg="Received POST Request, IP: [::1]:55746, URL: /api/v1/create, params: { group: Beyoncé, song: Single Ladies }"
time="2024-09-30T23:29:33+05:00" level=info msg="Received POST Request, IP: [::1]:55750, URL: /api/v1/create, params: { group: Rihanna, song: Umbrella }"
time="2024-09-30T23:29:33+05:00" level=info msg="Received POST Request, IP: [::1]:55766, URL: /api/v1/create, params: { group: Katy Perry, song: Roar }"
time="2024-09-30T23:29:33+05:00" level=info msg="Received POST Request, IP: [::1]:55770, URL: /api/v1/create, params: { group: Shakira, song: Hips Dont Lie }"
time="2024-09-30T23:29:33+05:00" level=info msg="Received POST Request, IP: [::1]:55776, URL: /api/v1/create, params: { group: Bruno Mars, song: Uptown Funk }"
time="2024-09-30T23:29:33+05:00" level=info msg="Received POST Request, IP: [::1]:55788, URL: /api/v1/create, params: { group: Ed Sheeran, song: Shape of You }"
time="2024-09-30T23:29:33+05:00" level=info msg="Received POST Request, IP: [::1]:55790, URL: /api/v1/create, params: { group: Maroon 5, song: Sugar }"
time="2024-09-30T23:29:33+05:00" level=info msg="Received POST Request, IP: [::1]:55804, URL: /api/v1/create, params: { group: Imagine Dragons, song: Radioactive }"
time="2024-09-30T23:29:33+05:00" level=info msg="Received POST Request, IP: [::1]:55820, URL: /api/v1/create, params: { group: OneRepublic, song: Counting Stars }"
time="2024-09-30T23:29:33+05:00" level=info msg="Received POST Request, IP: [::1]:55824, URL: /api/v1/create, params: { group: Post Malone, song: Circles }"
time="2024-09-30T23:29:33+05:00" level=info msg="Received POST Request, IP: [::1]:55838, URL: /api/v1/create, params: { group: Drake, song: Gods Plan }"
time="2024-09-30T23:29:33+05:00" level=info msg="Received POST Request, IP: [::1]:55852, URL: /api/v1/create, params: { group: Eminem, song: Lose Yourself }"
time="2024-09-30T23:29:33+05:00" level=info msg="Received POST Request, IP: [::1]:55858, URL: /api/v1/create, params: { group: Jay-Z, song: Empire State of Mind }"
time="2024-09-30T23:29:33+05:00" level=info msg="Received POST Request, IP: [::1]:55872, URL: /api/v1/create, params: { group: Kendrick Lamar, song: HUMBLE. }"
time="2024-09-30T23:29:33+05:00" level=info msg="Received POST Request, IP: [::1]:55880, URL: /api/v1/create, params: { group: Travis Scott, song: Sicko Mode }"
time="2024-09-30T23:29:40+05:00" level=info msg="Received GET Request, IP: [::1]:53698, URL: /api/v1/info?page=1&pageSize=25&group=Dua%20Lipa, params: { group: Dua Lipa, song: , pageStr: 1, pageSizeStr: 25 }"
time="2024-09-30T23:29:47+05:00" level=info msg="Received GET Request, IP: [::1]:53698, URL: /api/v1/info?page=1&pageSize=25, params: { group: , song: , pageStr: 1, pageSizeStr: 25 }"
time="2024-09-30T23:32:56+05:00" level=info msg="Received PUT Request, IP: [::1]:40596, URL: /api/v1/update, params: { song_id: 28, releasedate: 11.09.2001, link: https://www.around_the_world.com, text: Around The World }"
time="2024-09-30T23:34:09+05:00" level=info msg="Received DELETE Request, IP: [::1]:52436, URL: /api/v1/delete, params: { song_id: 48 }"
time="2024-09-30T23:34:27+05:00" level=info msg="Received DELETE Request, IP: [::1]:35140, URL: /api/v1/delete, params: { song_id: 47 }"
